{"/Users/martinnilsen/OneDrive - NTNU/Fag/Dataingeniør 2. år/TDAT2003 Systemutvikling 2 med web-applikasjoner/Øvinger/Øving 12/Server/dao/Kommentardao.js": {"path":"/Users/martinnilsen/OneDrive - NTNU/Fag/Dataingeniør 2. år/TDAT2003 Systemutvikling 2 med web-applikasjoner/Øvinger/Øving 12/Server/dao/Kommentardao.js","statementMap":{"0":{"start":{"line":3,"column":12},"end":{"line":3,"column":31}},"1":{"start":{"line":5,"column":0},"end":{"line":20,"column":1}},"2":{"start":{"line":7,"column":8},"end":{"line":7,"column":174}},"3":{"start":{"line":11,"column":18},"end":{"line":11,"column":68}},"4":{"start":{"line":13,"column":18},"end":{"line":13,"column":28}},"5":{"start":{"line":14,"column":24},"end":{"line":14,"column":59}},"6":{"start":{"line":15,"column":19},"end":{"line":15,"column":137}},"7":{"start":{"line":16,"column":30},"end":{"line":16,"column":54}},"8":{"start":{"line":17,"column":8},"end":{"line":17,"column":34}},"9":{"start":{"line":18,"column":8},"end":{"line":18,"column":132}}},"fnMap":{"0":{"name":"(anonymous_0)","decl":{"start":{"line":6,"column":4},"end":{"line":6,"column":5}},"loc":{"start":{"line":6,"column":68},"end":{"line":8,"column":5}},"line":6},"1":{"name":"(anonymous_1)","decl":{"start":{"line":10,"column":4},"end":{"line":10,"column":5}},"loc":{"start":{"line":10,"column":40},"end":{"line":19,"column":5}},"line":10}},"branchMap":{},"s":{"0":1,"1":1,"2":1,"3":1,"4":1,"5":1,"6":1,"7":1,"8":1,"9":1},"f":{"0":1,"1":1},"b":{},"_coverageSchema":"43e27e138ebf9cfc5966b082cf9a028302ed4184","hash":"7109738c11f6cb31d76336d0c46fb4c3cf0cc0db"}
,"/Users/martinnilsen/OneDrive - NTNU/Fag/Dataingeniør 2. år/TDAT2003 Systemutvikling 2 med web-applikasjoner/Øvinger/Øving 12/Server/dao/Nyhetssakdao.js": {"path":"/Users/martinnilsen/OneDrive - NTNU/Fag/Dataingeniør 2. år/TDAT2003 Systemutvikling 2 med web-applikasjoner/Øvinger/Øving 12/Server/dao/Nyhetssakdao.js","statementMap":{"0":{"start":{"line":3,"column":12},"end":{"line":3,"column":31}},"1":{"start":{"line":15,"column":0},"end":{"line":59,"column":1}},"2":{"start":{"line":17,"column":8},"end":{"line":17,"column":130}},"3":{"start":{"line":21,"column":8},"end":{"line":21,"column":117}},"4":{"start":{"line":25,"column":8},"end":{"line":25,"column":170}},"5":{"start":{"line":29,"column":8},"end":{"line":29,"column":176}},"6":{"start":{"line":33,"column":18},"end":{"line":33,"column":125}},"7":{"start":{"line":35,"column":18},"end":{"line":35,"column":28}},"8":{"start":{"line":36,"column":24},"end":{"line":36,"column":59}},"9":{"start":{"line":37,"column":8},"end":{"line":37,"column":31}},"10":{"start":{"line":38,"column":8},"end":{"line":38,"column":27}},"11":{"start":{"line":39,"column":8},"end":{"line":39,"column":28}},"12":{"start":{"line":40,"column":19},"end":{"line":40,"column":137}},"13":{"start":{"line":41,"column":8},"end":{"line":41,"column":26}},"14":{"start":{"line":42,"column":8},"end":{"line":42,"column":23}},"15":{"start":{"line":43,"column":8},"end":{"line":43,"column":171}},"16":{"start":{"line":47,"column":8},"end":{"line":47,"column":72}},"17":{"start":{"line":51,"column":18},"end":{"line":51,"column":28}},"18":{"start":{"line":52,"column":24},"end":{"line":52,"column":59}},"19":{"start":{"line":53,"column":8},"end":{"line":53,"column":31}},"20":{"start":{"line":54,"column":8},"end":{"line":54,"column":27}},"21":{"start":{"line":55,"column":19},"end":{"line":55,"column":137}},"22":{"start":{"line":56,"column":18},"end":{"line":56,"column":151}},"23":{"start":{"line":57,"column":8},"end":{"line":57,"column":171}}},"fnMap":{"0":{"name":"(anonymous_0)","decl":{"start":{"line":16,"column":4},"end":{"line":16,"column":5}},"loc":{"start":{"line":16,"column":24},"end":{"line":18,"column":5}},"line":16},"1":{"name":"(anonymous_1)","decl":{"start":{"line":20,"column":4},"end":{"line":20,"column":5}},"loc":{"start":{"line":20,"column":58},"end":{"line":22,"column":5}},"line":20},"2":{"name":"(anonymous_2)","decl":{"start":{"line":24,"column":4},"end":{"line":24,"column":5}},"loc":{"start":{"line":24,"column":45},"end":{"line":26,"column":5}},"line":24},"3":{"name":"(anonymous_3)","decl":{"start":{"line":28,"column":4},"end":{"line":28,"column":5}},"loc":{"start":{"line":28,"column":58},"end":{"line":30,"column":5}},"line":28},"4":{"name":"(anonymous_4)","decl":{"start":{"line":32,"column":4},"end":{"line":32,"column":5}},"loc":{"start":{"line":32,"column":41},"end":{"line":44,"column":5}},"line":32},"5":{"name":"(anonymous_5)","decl":{"start":{"line":46,"column":4},"end":{"line":46,"column":5}},"loc":{"start":{"line":46,"column":43},"end":{"line":48,"column":5}},"line":46},"6":{"name":"(anonymous_6)","decl":{"start":{"line":50,"column":4},"end":{"line":50,"column":5}},"loc":{"start":{"line":50,"column":41},"end":{"line":58,"column":5}},"line":50}},"branchMap":{},"s":{"0":1,"1":1,"2":1,"3":1,"4":1,"5":1,"6":1,"7":1,"8":1,"9":1,"10":1,"11":1,"12":1,"13":1,"14":1,"15":1,"16":1,"17":1,"18":1,"19":1,"20":1,"21":1,"22":1,"23":1},"f":{"0":1,"1":1,"2":1,"3":1,"4":1,"5":1,"6":1},"b":{},"_coverageSchema":"43e27e138ebf9cfc5966b082cf9a028302ed4184","hash":"463d73fb79193a202b4b846616d93ccc56211287"}
,"/Users/martinnilsen/OneDrive - NTNU/Fag/Dataingeniør 2. år/TDAT2003 Systemutvikling 2 med web-applikasjoner/Øvinger/Øving 12/Server/dao/dao.js": {"path":"/Users/martinnilsen/OneDrive - NTNU/Fag/Dataingeniør 2. år/TDAT2003 Systemutvikling 2 med web-applikasjoner/Øvinger/Øving 12/Server/dao/dao.js","statementMap":{"0":{"start":{"line":3,"column":0},"end":{"line":30,"column":1}},"1":{"start":{"line":6,"column":4},"end":{"line":6,"column":21}},"2":{"start":{"line":10,"column":4},"end":{"line":29,"column":3}},"3":{"start":{"line":11,"column":6},"end":{"line":11,"column":48}},"4":{"start":{"line":12,"column":6},"end":{"line":27,"column":7}},"5":{"start":{"line":13,"column":8},"end":{"line":13,"column":45}},"6":{"start":{"line":14,"column":8},"end":{"line":14,"column":60}},"7":{"start":{"line":16,"column":8},"end":{"line":16,"column":48}},"8":{"start":{"line":17,"column":8},"end":{"line":26,"column":11}},"9":{"start":{"line":18,"column":10},"end":{"line":18,"column":31}},"10":{"start":{"line":19,"column":10},"end":{"line":25,"column":11}},"11":{"start":{"line":20,"column":12},"end":{"line":20,"column":29}},"12":{"start":{"line":21,"column":12},"end":{"line":21,"column":55}},"13":{"start":{"line":23,"column":12},"end":{"line":23,"column":47}},"14":{"start":{"line":24,"column":12},"end":{"line":24,"column":32}}},"fnMap":{"0":{"name":"(anonymous_0)","decl":{"start":{"line":4,"column":2},"end":{"line":4,"column":3}},"loc":{"start":{"line":4,"column":24},"end":{"line":7,"column":3}},"line":4},"1":{"name":"(anonymous_1)","decl":{"start":{"line":9,"column":2},"end":{"line":9,"column":3}},"loc":{"start":{"line":9,"column":46},"end":{"line":29,"column":4}},"line":9},"2":{"name":"(anonymous_2)","decl":{"start":{"line":10,"column":28},"end":{"line":10,"column":29}},"loc":{"start":{"line":10,"column":57},"end":{"line":28,"column":5}},"line":10},"3":{"name":"(anonymous_3)","decl":{"start":{"line":17,"column":38},"end":{"line":17,"column":39}},"loc":{"start":{"line":17,"column":61},"end":{"line":26,"column":9}},"line":17}},"branchMap":{"0":{"loc":{"start":{"line":12,"column":6},"end":{"line":27,"column":7}},"type":"if","locations":[{"start":{"line":12,"column":6},"end":{"line":27,"column":7}},{"start":{"line":12,"column":6},"end":{"line":27,"column":7}}],"line":12},"1":{"loc":{"start":{"line":19,"column":10},"end":{"line":25,"column":11}},"type":"if","locations":[{"start":{"line":19,"column":10},"end":{"line":25,"column":11}},{"start":{"line":19,"column":10},"end":{"line":25,"column":11}}],"line":19}},"s":{"0":2,"1":2,"2":9,"3":9,"4":9,"5":9,"6":9,"7":0,"8":0,"9":0,"10":0,"11":0,"12":0,"13":0,"14":0},"f":{"0":2,"1":9,"2":9,"3":0},"b":{"0":[9,0],"1":[0,0]},"_coverageSchema":"43e27e138ebf9cfc5966b082cf9a028302ed4184","hash":"7d69945dcde91cb81b33d497129554a6ab5ffa0b"}
,"/Users/martinnilsen/OneDrive - NTNU/Fag/Dataingeniør 2. år/TDAT2003 Systemutvikling 2 med web-applikasjoner/Øvinger/Øving 12/Server/tests/runSQLFile.js": {"path":"/Users/martinnilsen/OneDrive - NTNU/Fag/Dataingeniør 2. år/TDAT2003 Systemutvikling 2 med web-applikasjoner/Øvinger/Øving 12/Server/tests/runSQLFile.js","statementMap":{"0":{"start":{"line":1,"column":12},"end":{"line":1,"column":28}},"1":{"start":{"line":2,"column":9},"end":{"line":2,"column":22}},"2":{"start":{"line":12,"column":0},"end":{"line":33,"column":2}},"3":{"start":{"line":13,"column":2},"end":{"line":13,"column":54}},"4":{"start":{"line":14,"column":12},"end":{"line":14,"column":45}},"5":{"start":{"line":15,"column":2},"end":{"line":32,"column":5}},"6":{"start":{"line":16,"column":4},"end":{"line":31,"column":5}},"7":{"start":{"line":17,"column":6},"end":{"line":17,"column":50}},"8":{"start":{"line":18,"column":6},"end":{"line":18,"column":13}},"9":{"start":{"line":20,"column":6},"end":{"line":20,"column":43}},"10":{"start":{"line":21,"column":6},"end":{"line":30,"column":9}},"11":{"start":{"line":22,"column":8},"end":{"line":22,"column":29}},"12":{"start":{"line":23,"column":8},"end":{"line":29,"column":9}},"13":{"start":{"line":24,"column":10},"end":{"line":24,"column":27}},"14":{"start":{"line":25,"column":10},"end":{"line":25,"column":17}},"15":{"start":{"line":27,"column":10},"end":{"line":27,"column":44}},"16":{"start":{"line":28,"column":10},"end":{"line":28,"column":17}}},"fnMap":{"0":{"name":"run","decl":{"start":{"line":12,"column":26},"end":{"line":12,"column":29}},"loc":{"start":{"line":12,"column":52},"end":{"line":33,"column":1}},"line":12},"1":{"name":"(anonymous_1)","decl":{"start":{"line":15,"column":21},"end":{"line":15,"column":22}},"loc":{"start":{"line":15,"column":42},"end":{"line":32,"column":3}},"line":15},"2":{"name":"(anonymous_2)","decl":{"start":{"line":21,"column":28},"end":{"line":21,"column":29}},"loc":{"start":{"line":21,"column":43},"end":{"line":30,"column":7}},"line":21}},"branchMap":{"0":{"loc":{"start":{"line":16,"column":4},"end":{"line":31,"column":5}},"type":"if","locations":[{"start":{"line":16,"column":4},"end":{"line":31,"column":5}},{"start":{"line":16,"column":4},"end":{"line":31,"column":5}}],"line":16},"1":{"loc":{"start":{"line":23,"column":8},"end":{"line":29,"column":9}},"type":"if","locations":[{"start":{"line":23,"column":8},"end":{"line":29,"column":9}},{"start":{"line":23,"column":8},"end":{"line":29,"column":9}}],"line":23}},"s":{"0":2,"1":2,"2":2,"3":4,"4":4,"5":4,"6":4,"7":4,"8":4,"9":0,"10":0,"11":0,"12":0,"13":0,"14":0,"15":0,"16":0},"f":{"0":4,"1":4,"2":0},"b":{"0":[4,0],"1":[0,0]},"_coverageSchema":"43e27e138ebf9cfc5966b082cf9a028302ed4184","hash":"6cf20cd978b869cca5a1b87549d7fc83e6debd15"}
}
